-------------------------------------------------------------------------------
Test set: com.example.project.ProjectApplicationTests
-------------------------------------------------------------------------------
Tests run: 1, Failures: 0, Errors: 1, Skipped: 0, Time elapsed: 0.173 s <<< FAILURE! - in com.example.project.ProjectApplicationTests
com.example.project.ProjectApplicationTests  Time elapsed: 0.172 s  <<< ERROR!
java.lang.IllegalStateException: Unable to find a @SpringBootConfiguration, you need to use @ContextConfiguration or @SpringBootTest(classes=...) with your test

